<?xml version="1.0" encoding="UTF-8"?>
<!-- Generated by org.testng.reporters.JUnitReportReporter -->
<testsuite hostname="DESKTOP-9QNOC76" failures="0" tests="2" name="pgm2_test.p_test" time="0.042" errors="0" timestamp="2025-03-03T12:44:47 IST" skipped="0">
  <testcase classname="pgm2_test.p_test" name="testlogin1" time="0.031"/>
  <system-out/>
  <testcase classname="pgm2_test.p_test" name="testlogin2" time="0.011"/>
  <system-out/>
</testsuite> <!-- pgm2_test.p_test -->
